/*C178*/SET SCHEMA PUBLIC
DISCONNECT
/*C179*/SET SCHEMA PUBLIC
DISCONNECT
/*C180*/SET SCHEMA PUBLIC
DELETE FROM GEEK WHERE ID=1
INSERT INTO GEEK VALUES(1,'Balckangel','VALLIN','Jeremy','H',1)
COMMIT
DISCONNECT
/*C181*/SET SCHEMA PUBLIC
DISCONNECT
/*C182*/SET SCHEMA PUBLIC
DELETE FROM GEEK WHERE ID=7
INSERT INTO GEEK VALUES(7,'Boobs','BAR','Leny','H',2)
COMMIT
DISCONNECT
/*C183*/SET SCHEMA PUBLIC
DISCONNECT
/*C184*/SET SCHEMA PUBLIC
DISCONNECT
/*C185*/SET SCHEMA PUBLIC
DELETE FROM GEEK WHERE ID=16
INSERT INTO GEEK VALUES(16,'Gtous','jaitous','lesinterets','F',2)
COMMIT
DISCONNECT
/*C186*/SET SCHEMA PUBLIC
DISCONNECT
/*C187*/SET SCHEMA PUBLIC
DELETE FROM GEEK WHERE ID=12
INSERT INTO GEEK VALUES(12,'Acrepet','CREPET','Agnes','F',101)
COMMIT
DISCONNECT
/*C188*/SET SCHEMA PUBLIC
DISCONNECT
/*C189*/SET SCHEMA PUBLIC
DELETE FROM GEEK WHERE ID=15
INSERT INTO GEEK VALUES(15,'Jnizet','NIZET','JeanBaptiste','H',101)
COMMIT
DISCONNECT
/*C190*/SET SCHEMA PUBLIC
DISCONNECT
/*C191*/SET SCHEMA PUBLIC
DELETE FROM GEEK WHERE ID=1
INSERT INTO GEEK VALUES(1,'Balckangel','VALLIN','Jeremy','H',2)
COMMIT
DISCONNECT
/*C192*/SET SCHEMA PUBLIC
DISCONNECT
/*C193*/SET SCHEMA PUBLIC
DISCONNECT
