/*C3*/SET SCHEMA PUBLIC
create table test (test numeric)
drop table test
create table geek (\u000a\u0009id numeric not null,\u000a\u0009pseudo varchar(255) unique not null,\u000a\u0009nom varchar(255) not null,\u000a\u0009prenom varchar(255) not null,\u000a\u0009sexe varchar(255) not null,\u000a\u0009inscription date not null,\u000a\u0009primary key (id)\u000a)
create table interet (\u000a\u0009id numeric not null,\u000a\u0009libelle varchar(255) not null,\u000a\u0009primary key (id)\u000a)
create table association (\u000a\u0009id_geek numeric not null,\u000a\u0009id_ci numeric not null,\u000a\u0009primary key (id_geek, id_ci),\u000a\u0009foreign key (id_geek) references geek(id),\u0009\u000a\u0009foreign key (id_ci) references interet(id)\u000a)
drop table geek if exists cascade
drop table interet if exists cascade
drop table association if exists cascade
drop sequence geek_seq if exists
drop sequence interet_seq if exists
create table geek (\u000a\u0009id numeric not null,\u000a\u0009pseudo varchar(255) unique not null,\u000a\u0009nom varchar(255) not null,\u000a\u0009prenom varchar(255) not null,\u000a\u0009sexe varchar(255) not null,\u000a\u0009inscription date not null,\u000a\u0009primary key (id)\u000a)
create table interet (\u000a\u0009id numeric not null,\u000a\u0009libelle varchar(255) not null,\u000a\u0009primary key (id)\u000a)
create table association (\u000a\u0009id_geek numeric not null,\u000a\u0009id_ci numeric not null,\u000a\u0009primary key (id_geek, id_ci),\u000a\u0009foreign key (id_geek) references geek(id),\u0009\u000a\u0009foreign key (id_ci) references interet(id)\u000a)
create sequence geek_seq start with 100
create sequence interet_seq start with 100
INSERT INTO GEEK VALUES(1,'Balckangel','VALLIN','Jeremy','M','2013-04-23')
COMMIT
INSERT INTO GEEK VALUES(2,'Rafoufoun','PANOYAN','Rafi','M','2013-04-24')
COMMIT
INSERT INTO GEEK VALUES(3,'SebLaChaude','CHANAL','Sebastien','M','2013-04-25')
COMMIT
INSERT INTO GEEK VALUES(4,'Bibiche','PEREAU','Clara','F','2013-05-04')
COMMIT
INSERT INTO GEEK VALUES(5,'Loulou','DUPONTAI','Louise','F','2013-05-09')
COMMIT
INSERT INTO GEEK VALUES(6,'Robert','SAIRIEN','Jean','M','2013-05-12')
COMMIT
INSERT INTO GEEK VALUES(7,'Boobs','BAR','Leny','M','2013-05-13')
COMMIT
INSERT INTO GEEK VALUES(8,'Doremi','DEAU','Remy','M','2013-05-13')
COMMIT
INSERT INTO GEEK VALUES(9,'Juju','DUFRANC','Justine','F','2013-05-13')
COMMIT
INSERT INTO GEEK VALUES(10,'Tounu','NIPANTALON','Sandra','F','2013-05-28')
COMMIT
INSERT INTO GEEK VALUES(11,'Pamoi','PAFAISA','Jenna','F','2013-05-30')
COMMIT
INSERT INTO INTERET VALUES(1,'HTML')
COMMIT
INSERT INTO INTERET VALUES(2,'CSS')
COMMIT
INSERT INTO INTERET VALUES(3,'PHP')
COMMIT
INSERT INTO INTERET VALUES(4,'JS')
COMMIT
INSERT INTO INTERET VALUES(5,'JAVA')
COMMIT
INSERT INTO INTERET VALUES(6,'C')
COMMIT
INSERT INTO INTERET VALUES(7,'C++')
COMMIT
INSERT INTO INTERET VALUES(8,'C#')
COMMIT
INSERT INTO INTERET VALUES(9,'JUnit')
COMMIT
INSERT INTO INTERET VALUES(10,'Mockito')
COMMIT
INSERT INTO ASSOCIATION VALUES(1,5)
COMMIT
INSERT INTO ASSOCIATION VALUES(1,9)
COMMIT
INSERT INTO ASSOCIATION VALUES(2,1)
COMMIT
INSERT INTO ASSOCIATION VALUES(2,2)
COMMIT
INSERT INTO ASSOCIATION VALUES(2,3)
COMMIT
INSERT INTO ASSOCIATION VALUES(2,4)
COMMIT
INSERT INTO ASSOCIATION VALUES(3,9)
COMMIT
INSERT INTO ASSOCIATION VALUES(3,10)
COMMIT
INSERT INTO ASSOCIATION VALUES(4,1)
COMMIT
INSERT INTO ASSOCIATION VALUES(4,2)
COMMIT
INSERT INTO ASSOCIATION VALUES(5,3)
COMMIT
INSERT INTO ASSOCIATION VALUES(5,4)
COMMIT
INSERT INTO ASSOCIATION VALUES(5,9)
COMMIT
INSERT INTO ASSOCIATION VALUES(6,6)
COMMIT
INSERT INTO ASSOCIATION VALUES(6,7)
COMMIT
INSERT INTO ASSOCIATION VALUES(6,10)
COMMIT
INSERT INTO ASSOCIATION VALUES(7,6)
COMMIT
INSERT INTO ASSOCIATION VALUES(8,1)
COMMIT
INSERT INTO ASSOCIATION VALUES(8,2)
COMMIT
INSERT INTO ASSOCIATION VALUES(9,4)
COMMIT
INSERT INTO ASSOCIATION VALUES(9,9)
COMMIT
INSERT INTO ASSOCIATION VALUES(10,6)
COMMIT
INSERT INTO ASSOCIATION VALUES(10,7)
COMMIT
INSERT INTO ASSOCIATION VALUES(11,9)
COMMIT
INSERT INTO ASSOCIATION VALUES(11,10)
COMMIT
DISCONNECT
